<?xml version="1.0" encoding="UTF-8"?>
<coverage generated="1775446362769" clover="3.2.0">
  <project timestamp="1775446362770" name="All files">
    <metrics statements="47" coveredstatements="30" conditionals="12" coveredconditionals="3" methods="21" coveredmethods="13" elements="80" coveredelements="46" complexity="0" loc="47" ncloc="47" packages="4" files="8" classes="8"/>
    <package name="HeaderPage">
      <metrics statements="2" coveredstatements="2" conditionals="0" coveredconditionals="0" methods="1" coveredmethods="1"/>
      <file name="HeaderPage.css" path="/home/angelrios/Escritorio/Programacion/repositorios-personales/YoutuDown-Frontend/src/components/HeaderPage/HeaderPage.css">
        <metrics statements="0" coveredstatements="0" conditionals="0" coveredconditionals="0" methods="0" coveredmethods="0"/>
      </file>
      <file name="HeaderPage.tsx" path="/home/angelrios/Escritorio/Programacion/repositorios-personales/YoutuDown-Frontend/src/components/HeaderPage/HeaderPage.tsx">
        <metrics statements="2" coveredstatements="2" conditionals="0" coveredconditionals="0" methods="1" coveredmethods="1"/>
        <line num="4" count="1" type="stmt"/>
        <line num="5" count="2" type="stmt"/>
      </file>
    </package>
    <package name="RederVideo">
      <metrics statements="2" coveredstatements="2" conditionals="0" coveredconditionals="0" methods="1" coveredmethods="1"/>
      <file name="RenderVideo.css" path="/home/angelrios/Escritorio/Programacion/repositorios-personales/YoutuDown-Frontend/src/components/RederVideo/RenderVideo.css">
        <metrics statements="0" coveredstatements="0" conditionals="0" coveredconditionals="0" methods="0" coveredmethods="0"/>
      </file>
      <file name="RenderVideo.tsx" path="/home/angelrios/Escritorio/Programacion/repositorios-personales/YoutuDown-Frontend/src/components/RederVideo/RenderVideo.tsx">
        <metrics statements="2" coveredstatements="2" conditionals="0" coveredconditionals="0" methods="1" coveredmethods="1"/>
        <line num="5" count="1" type="stmt"/>
        <line num="8" count="1" type="stmt"/>
      </file>
    </package>
    <package name="SearchBar">
      <metrics statements="16" coveredstatements="12" conditionals="2" coveredconditionals="1" methods="8" coveredmethods="7"/>
      <file name="SearchBar.css" path="/home/angelrios/Escritorio/Programacion/repositorios-personales/YoutuDown-Frontend/src/components/SearchBar/SearchBar.css">
        <metrics statements="0" coveredstatements="0" conditionals="0" coveredconditionals="0" methods="0" coveredmethods="0"/>
      </file>
      <file name="SearchBar.tsx" path="/home/angelrios/Escritorio/Programacion/repositorios-personales/YoutuDown-Frontend/src/components/SearchBar/SearchBar.tsx">
        <metrics statements="16" coveredstatements="12" conditionals="2" coveredconditionals="1" methods="8" coveredmethods="7"/>
        <line num="13" count="1" type="stmt"/>
        <line num="15" count="37" type="stmt"/>
        <line num="23" count="37" type="stmt"/>
        <line num="25" count="37" type="stmt"/>
        <line num="27" count="2" type="stmt"/>
        <line num="31" count="37" type="stmt"/>
        <line num="32" count="37" type="stmt"/>
        <line num="38" count="37" type="stmt"/>
        <line num="39" count="3" type="cond" truecount="1" falsecount="1"/>
        <line num="43" count="0" type="stmt"/>
        <line num="44" count="0" type="stmt"/>
        <line num="45" count="0" type="stmt"/>
        <line num="49" count="0" type="stmt"/>
        <line num="55" count="37" type="stmt"/>
        <line num="59" count="34" type="stmt"/>
        <line num="63" count="1" type="stmt"/>
      </file>
    </package>
    <package name="SettingsPage">
      <metrics statements="27" coveredstatements="14" conditionals="10" coveredconditionals="2" methods="11" coveredmethods="4"/>
      <file name="SettingsPage.css" path="/home/angelrios/Escritorio/Programacion/repositorios-personales/YoutuDown-Frontend/src/components/SettingsPage/SettingsPage.css">
        <metrics statements="0" coveredstatements="0" conditionals="0" coveredconditionals="0" methods="0" coveredmethods="0"/>
      </file>
      <file name="SettingsPage.tsx" path="/home/angelrios/Escritorio/Programacion/repositorios-personales/YoutuDown-Frontend/src/components/SettingsPage/SettingsPage.tsx">
        <metrics statements="27" coveredstatements="14" conditionals="10" coveredconditionals="2" methods="11" coveredmethods="4"/>
        <line num="5" count="1" type="stmt"/>
        <line num="7" count="2" type="stmt"/>
        <line num="8" count="2" type="stmt"/>
        <line num="10" count="0" type="cond" truecount="0" falsecount="2"/>
        <line num="11" count="0" type="stmt"/>
        <line num="12" count="0" type="stmt"/>
        <line num="13" count="0" type="stmt"/>
        <line num="16" count="0" type="stmt"/>
        <line num="17" count="0" type="stmt"/>
        <line num="21" count="2" type="stmt"/>
        <line num="23" count="2" type="stmt"/>
        <line num="24" count="0" type="stmt"/>
        <line num="26" count="2" type="stmt"/>
        <line num="28" count="2" type="stmt"/>
        <line num="30" count="2" type="cond" truecount="1" falsecount="1"/>
        <line num="31" count="0" type="stmt"/>
        <line num="35" count="2" type="stmt"/>
        <line num="37" count="2" type="stmt"/>
        <line num="39" count="0" type="cond" truecount="0" falsecount="2"/>
        <line num="43" count="0" type="stmt"/>
        <line num="48" count="2" type="stmt"/>
        <line num="50" count="2" type="stmt"/>
        <line num="51" count="2" type="stmt"/>
        <line num="56" count="2" type="stmt"/>
        <line num="79" count="0" type="stmt"/>
        <line num="85" count="0" type="stmt"/>
        <line num="91" count="0" type="stmt"/>
      </file>
    </package>
  </project>
</coverage>
