{"/home/angelrios/Escritorio/Programacion/repositorios-personales/YoutuDown-Frontend/src/components/HeaderPage/HeaderPage.css": {"path":"/home/angelrios/Escritorio/Programacion/repositorios-personales/YoutuDown-Frontend/src/components/HeaderPage/HeaderPage.css","statementMap":{},"fnMap":{},"branchMap":{},"s":{},"f":{},"b":{},"meta":{"lastBranch":0,"lastFunction":0,"lastStatement":0,"seen":{}}}
,"/home/angelrios/Escritorio/Programacion/repositorios-personales/YoutuDown-Frontend/src/components/HeaderPage/HeaderPage.tsx": {"path":"/home/angelrios/Escritorio/Programacion/repositorios-personales/YoutuDown-Frontend/src/components/HeaderPage/HeaderPage.tsx","statementMap":{"0":{"start":{"line":4,"column":26},"end":{"line":20,"column":null}},"1":{"start":{"line":5,"column":2},"end":{"line":14,"column":null}}},"fnMap":{"0":{"name":"(anonymous_0)","decl":{"start":{"line":4,"column":26},"end":{"line":4,"column":null}},"loc":{"start":{"line":4,"column":26},"end":{"line":20,"column":null}},"line":4}},"branchMap":{},"s":{"0":1,"1":2},"f":{"0":2},"b":{},"meta":{"lastBranch":0,"lastFunction":1,"lastStatement":2,"seen":{"s:4:26:20:Infinity":0,"f:4:26:4:Infinity":0,"s:5:2:14:Infinity":1}}}
,"/home/angelrios/Escritorio/Programacion/repositorios-personales/YoutuDown-Frontend/src/components/RederVideo/RenderVideo.css": {"path":"/home/angelrios/Escritorio/Programacion/repositorios-personales/YoutuDown-Frontend/src/components/RederVideo/RenderVideo.css","statementMap":{},"fnMap":{},"branchMap":{},"s":{},"f":{},"b":{},"meta":{"lastBranch":0,"lastFunction":0,"lastStatement":0,"seen":{}}}
,"/home/angelrios/Escritorio/Programacion/repositorios-personales/YoutuDown-Frontend/src/components/RederVideo/RenderVideo.tsx": {"path":"/home/angelrios/Escritorio/Programacion/repositorios-personales/YoutuDown-Frontend/src/components/RederVideo/RenderVideo.tsx","statementMap":{"0":{"start":{"line":5,"column":27},"end":{"line":20,"column":null}},"1":{"start":{"line":8,"column":4},"end":{"line":16,"column":null}}},"fnMap":{"0":{"name":"(anonymous_0)","decl":{"start":{"line":5,"column":27},"end":{"line":5,"column":28}},"loc":{"start":{"line":5,"column":51},"end":{"line":20,"column":null}},"line":5}},"branchMap":{},"s":{"0":1,"1":1},"f":{"0":1},"b":{},"meta":{"lastBranch":0,"lastFunction":1,"lastStatement":2,"seen":{"s:5:27:20:Infinity":0,"f:5:27:5:28":0,"s:8:4:16:Infinity":1}}}
,"/home/angelrios/Escritorio/Programacion/repositorios-personales/YoutuDown-Frontend/src/components/SearchBar/SearchBar.css": {"path":"/home/angelrios/Escritorio/Programacion/repositorios-personales/YoutuDown-Frontend/src/components/SearchBar/SearchBar.css","statementMap":{},"fnMap":{},"branchMap":{},"s":{},"f":{},"b":{},"meta":{"lastBranch":0,"lastFunction":0,"lastStatement":0,"seen":{}}}
,"/home/angelrios/Escritorio/Programacion/repositorios-personales/YoutuDown-Frontend/src/components/SearchBar/SearchBar.tsx": {"path":"/home/angelrios/Escritorio/Programacion/repositorios-personales/YoutuDown-Frontend/src/components/SearchBar/SearchBar.tsx","statementMap":{"0":{"start":{"line":13,"column":25},"end":{"line":67,"column":null}},"1":{"start":{"line":15,"column":35},"end":{"line":15,"column":null}},"2":{"start":{"line":23,"column":2},"end":{"line":36,"column":null}},"3":{"start":{"line":25,"column":18},"end":{"line":29,"column":null}},"4":{"start":{"line":27,"column":6},"end":{"line":27,"column":null}},"5":{"start":{"line":31,"column":4},"end":{"line":33,"column":null}},"6":{"start":{"line":32,"column":6},"end":{"line":32,"column":null}},"7":{"start":{"line":38,"column":2},"end":{"line":51,"column":null}},"8":{"start":{"line":39,"column":4},"end":{"line":39,"column":null}},"9":{"start":{"line":39,"column":25},"end":{"line":39,"column":null}},"10":{"start":{"line":43,"column":27},"end":{"line":47,"column":null}},"11":{"start":{"line":44,"column":24},"end":{"line":44,"column":null}},"12":{"start":{"line":45,"column":6},"end":{"line":45,"column":null}},"13":{"start":{"line":49,"column":4},"end":{"line":49,"column":null}},"14":{"start":{"line":55,"column":2},"end":{"line":64,"column":null}},"15":{"start":{"line":59,"column":25},"end":{"line":59,"column":null}},"16":{"start":{"line":63,"column":23},"end":{"line":63,"column":null}}},"fnMap":{"0":{"name":"(anonymous_0)","decl":{"start":{"line":13,"column":25},"end":{"line":13,"column":26}},"loc":{"start":{"line":13,"column":81},"end":{"line":67,"column":null}},"line":13},"1":{"name":"(anonymous_1)","decl":{"start":{"line":23,"column":12},"end":{"line":23,"column":null}},"loc":{"start":{"line":23,"column":12},"end":{"line":36,"column":5}},"line":23},"2":{"name":"(anonymous_2)","decl":{"start":{"line":25,"column":29},"end":{"line":25,"column":null}},"loc":{"start":{"line":25,"column":29},"end":{"line":29,"column":7}},"line":25},"3":{"name":"(anonymous_3)","decl":{"start":{"line":31,"column":11},"end":{"line":31,"column":null}},"loc":{"start":{"line":31,"column":11},"end":{"line":33,"column":null}},"line":31},"4":{"name":"(anonymous_4)","decl":{"start":{"line":38,"column":12},"end":{"line":38,"column":null}},"loc":{"start":{"line":38,"column":12},"end":{"line":51,"column":5}},"line":38},"5":{"name":"(anonymous_5)","decl":{"start":{"line":43,"column":27},"end":{"line":43,"column":null}},"loc":{"start":{"line":43,"column":27},"end":{"line":47,"column":null}},"line":43},"6":{"name":"(anonymous_6)","decl":{"start":{"line":59,"column":18},"end":{"line":59,"column":19}},"loc":{"start":{"line":59,"column":25},"end":{"line":59,"column":null}},"line":59},"7":{"name":"(anonymous_7)","decl":{"start":{"line":63,"column":17},"end":{"line":63,"column":23}},"loc":{"start":{"line":63,"column":23},"end":{"line":63,"column":null}},"line":63}},"branchMap":{"0":{"loc":{"start":{"line":39,"column":4},"end":{"line":39,"column":null}},"type":"if","locations":[{"start":{"line":39,"column":4},"end":{"line":39,"column":null}},{"start":{},"end":{}}],"line":39}},"s":{"0":1,"1":37,"2":37,"3":37,"4":2,"5":37,"6":37,"7":37,"8":3,"9":3,"10":0,"11":0,"12":0,"13":0,"14":37,"15":34,"16":1},"f":{"0":37,"1":37,"2":2,"3":37,"4":3,"5":0,"6":34,"7":1},"b":{"0":[3,0]},"meta":{"lastBranch":1,"lastFunction":8,"lastStatement":17,"seen":{"s:13:25:67:Infinity":0,"f:13:25:13:26":0,"s:15:35:15:Infinity":1,"s:23:2:36:Infinity":2,"f:23:12:23:Infinity":1,"s:25:18:29:Infinity":3,"f:25:29:25:Infinity":2,"s:27:6:27:Infinity":4,"s:31:4:33:Infinity":5,"f:31:11:31:Infinity":3,"s:32:6:32:Infinity":6,"s:38:2:51:Infinity":7,"f:38:12:38:Infinity":4,"b:39:4:39:Infinity:undefined:undefined:undefined:undefined":0,"s:39:4:39:Infinity":8,"s:39:25:39:Infinity":9,"s:43:27:47:Infinity":10,"f:43:27:43:Infinity":5,"s:44:24:44:Infinity":11,"s:45:6:45:Infinity":12,"s:49:4:49:Infinity":13,"s:55:2:64:Infinity":14,"f:59:18:59:19":6,"s:59:25:59:Infinity":15,"f:63:17:63:23":7,"s:63:23:63:Infinity":16}}}
,"/home/angelrios/Escritorio/Programacion/repositorios-personales/YoutuDown-Frontend/src/components/SettingsPage/SettingsPage.css": {"path":"/home/angelrios/Escritorio/Programacion/repositorios-personales/YoutuDown-Frontend/src/components/SettingsPage/SettingsPage.css","statementMap":{},"fnMap":{},"branchMap":{},"s":{},"f":{},"b":{},"meta":{"lastBranch":0,"lastFunction":0,"lastStatement":0,"seen":{}}}
,"/home/angelrios/Escritorio/Programacion/repositorios-personales/YoutuDown-Frontend/src/components/SettingsPage/SettingsPage.tsx": {"path":"/home/angelrios/Escritorio/Programacion/repositorios-personales/YoutuDown-Frontend/src/components/SettingsPage/SettingsPage.tsx","statementMap":{"0":{"start":{"line":5,"column":28},"end":{"line":108,"column":null}},"1":{"start":{"line":7,"column":29},"end":{"line":7,"column":null}},"2":{"start":{"line":8,"column":21},"end":{"line":18,"column":null}},"3":{"start":{"line":10,"column":8},"end":{"line":14,"column":null}},"4":{"start":{"line":11,"column":12},"end":{"line":11,"column":null}},"5":{"start":{"line":12,"column":12},"end":{"line":12,"column":null}},"6":{"start":{"line":13,"column":12},"end":{"line":13,"column":null}},"7":{"start":{"line":16,"column":8},"end":{"line":16,"column":null}},"8":{"start":{"line":17,"column":8},"end":{"line":17,"column":null}},"9":{"start":{"line":21,"column":10},"end":{"line":21,"column":null}},"10":{"start":{"line":23,"column":34},"end":{"line":25,"column":null}},"11":{"start":{"line":24,"column":8},"end":{"line":24,"column":null}},"12":{"start":{"line":24,"column":26},"end":{"line":24,"column":null}},"13":{"start":{"line":26,"column":4},"end":{"line":34,"column":null}},"14":{"start":{"line":28,"column":27},"end":{"line":28,"column":null}},"15":{"start":{"line":30,"column":8},"end":{"line":32,"column":null}},"16":{"start":{"line":31,"column":12},"end":{"line":31,"column":null}},"17":{"start":{"line":35,"column":4},"end":{"line":54,"column":null}},"18":{"start":{"line":37,"column":35},"end":{"line":46,"column":null}},"19":{"start":{"line":39,"column":12},"end":{"line":44,"column":null}},"20":{"start":{"line":43,"column":16},"end":{"line":43,"column":null}},"21":{"start":{"line":48,"column":8},"end":{"line":48,"column":null}},"22":{"start":{"line":50,"column":8},"end":{"line":52,"column":null}},"23":{"start":{"line":51,"column":12},"end":{"line":51,"column":null}},"24":{"start":{"line":56,"column":4},"end":{"line":99,"column":null}},"25":{"start":{"line":79,"column":47},"end":{"line":79,"column":null}},"26":{"start":{"line":85,"column":47},"end":{"line":85,"column":null}},"27":{"start":{"line":91,"column":47},"end":{"line":91,"column":null}}},"fnMap":{"0":{"name":"(anonymous_0)","decl":{"start":{"line":5,"column":28},"end":{"line":5,"column":null}},"loc":{"start":{"line":5,"column":28},"end":{"line":108,"column":null}},"line":5},"1":{"name":"(anonymous_1)","decl":{"start":{"line":8,"column":21},"end":{"line":8,"column":22}},"loc":{"start":{"line":8,"column":22},"end":{"line":18,"column":null}},"line":8},"2":{"name":"(anonymous_2)","decl":{"start":{"line":23,"column":34},"end":{"line":23,"column":null}},"loc":{"start":{"line":23,"column":34},"end":{"line":25,"column":null}},"line":23},"3":{"name":"(anonymous_3)","decl":{"start":{"line":24,"column":18},"end":{"line":24,"column":26}},"loc":{"start":{"line":24,"column":26},"end":{"line":24,"column":null}},"line":24},"4":{"name":"(anonymous_4)","decl":{"start":{"line":26,"column":14},"end":{"line":26,"column":null}},"loc":{"start":{"line":26,"column":14},"end":{"line":34,"column":7}},"line":26},"5":{"name":"(anonymous_5)","decl":{"start":{"line":35,"column":14},"end":{"line":35,"column":null}},"loc":{"start":{"line":35,"column":14},"end":{"line":54,"column":7}},"line":35},"6":{"name":"(anonymous_6)","decl":{"start":{"line":37,"column":35},"end":{"line":37,"column":36}},"loc":{"start":{"line":37,"column":36},"end":{"line":46,"column":null}},"line":37},"7":{"name":"(anonymous_7)","decl":{"start":{"line":50,"column":15},"end":{"line":50,"column":null}},"loc":{"start":{"line":50,"column":15},"end":{"line":52,"column":null}},"line":50},"8":{"name":"(anonymous_8)","decl":{"start":{"line":79,"column":41},"end":{"line":79,"column":47}},"loc":{"start":{"line":79,"column":47},"end":{"line":79,"column":null}},"line":79},"9":{"name":"(anonymous_9)","decl":{"start":{"line":85,"column":41},"end":{"line":85,"column":47}},"loc":{"start":{"line":85,"column":47},"end":{"line":85,"column":null}},"line":85},"10":{"name":"(anonymous_10)","decl":{"start":{"line":91,"column":41},"end":{"line":91,"column":47}},"loc":{"start":{"line":91,"column":47},"end":{"line":91,"column":null}},"line":91}},"branchMap":{"0":{"loc":{"start":{"line":10,"column":8},"end":{"line":14,"column":null}},"type":"if","locations":[{"start":{"line":10,"column":8},"end":{"line":14,"column":null}},{"start":{},"end":{}}],"line":10},"1":{"loc":{"start":{"line":30,"column":8},"end":{"line":32,"column":null}},"type":"if","locations":[{"start":{"line":30,"column":8},"end":{"line":32,"column":null}},{"start":{},"end":{}}],"line":30},"2":{"loc":{"start":{"line":39,"column":12},"end":{"line":44,"column":null}},"type":"if","locations":[{"start":{"line":39,"column":12},"end":{"line":44,"column":null}},{"start":{},"end":{}}],"line":39},"3":{"loc":{"start":{"line":40,"column":16},"end":{"line":41,"column":null}},"type":"binary-expr","locations":[{"start":{"line":40,"column":16},"end":{"line":40,"column":36}},{"start":{"line":41,"column":16},"end":{"line":41,"column":null}}],"line":40},"4":{"loc":{"start":{"line":66,"column":13},"end":{"line":99,"column":null}},"type":"binary-expr","locations":[{"start":{"line":66,"column":13},"end":{"line":66,"column":null}},{"start":{"line":66,"column":13},"end":{"line":99,"column":null}}],"line":66}},"s":{"0":1,"1":2,"2":2,"3":0,"4":0,"5":0,"6":0,"7":0,"8":0,"9":2,"10":2,"11":0,"12":0,"13":2,"14":2,"15":2,"16":0,"17":2,"18":2,"19":0,"20":0,"21":2,"22":2,"23":2,"24":2,"25":0,"26":0,"27":0},"f":{"0":2,"1":0,"2":0,"3":0,"4":2,"5":2,"6":0,"7":2,"8":0,"9":0,"10":0},"b":{"0":[0,0],"1":[0,2],"2":[0,0],"3":[0,0],"4":[2,0]},"meta":{"lastBranch":5,"lastFunction":11,"lastStatement":28,"seen":{"s:5:28:108:Infinity":0,"f:5:28:5:Infinity":0,"s:7:29:7:Infinity":1,"s:8:21:18:Infinity":2,"f:8:21:8:22":1,"b:10:8:14:Infinity:undefined:undefined:undefined:undefined":0,"s:10:8:14:Infinity":3,"s:11:12:11:Infinity":4,"s:12:12:12:Infinity":5,"s:13:12:13:Infinity":6,"s:16:8:16:Infinity":7,"s:17:8:17:Infinity":8,"s:21:10:21:Infinity":9,"s:23:34:25:Infinity":10,"f:23:34:23:Infinity":2,"s:24:8:24:Infinity":11,"f:24:18:24:26":3,"s:24:26:24:Infinity":12,"s:26:4:34:Infinity":13,"f:26:14:26:Infinity":4,"s:28:27:28:Infinity":14,"b:30:8:32:Infinity:undefined:undefined:undefined:undefined":1,"s:30:8:32:Infinity":15,"s:31:12:31:Infinity":16,"s:35:4:54:Infinity":17,"f:35:14:35:Infinity":5,"s:37:35:46:Infinity":18,"f:37:35:37:36":6,"b:39:12:44:Infinity:undefined:undefined:undefined:undefined":2,"s:39:12:44:Infinity":19,"b:40:16:40:36:41:16:41:Infinity":3,"s:43:16:43:Infinity":20,"s:48:8:48:Infinity":21,"s:50:8:52:Infinity":22,"f:50:15:50:Infinity":7,"s:51:12:51:Infinity":23,"s:56:4:99:Infinity":24,"b:66:13:66:Infinity:66:13:99:Infinity":4,"f:79:41:79:47":8,"s:79:47:79:Infinity":25,"f:85:41:85:47":9,"s:85:47:85:Infinity":26,"f:91:41:91:47":10,"s:91:47:91:Infinity":27}}}
}
